[05:33:13] [Server thread/INFO]: Starting minecraft server version 1.11.2
[05:33:18] [Server thread/INFO]: [STDOUT]: [Ljava.lang.StackTraceElement;@ae72fd5
[05:33:18] [Server thread/INFO]: [STDOUT]: Loading Orion Configurations!
[05:33:18] [Server thread/INFO]: [STDOUT]: Loading Orion Protected Configurations!
[05:33:18] [Server thread/INFO]: [STDOUT]: Loading Orion Items!
[05:33:18] [Server thread/INFO]: Loading properties
[05:33:18] [Server thread/INFO]: Default game type: SURVIVAL
[05:33:18] [Server thread/INFO]: Generating keypair
[05:33:18] [Server thread/INFO]: Starting Minecraft server on *:25565
[05:33:18] [Server thread/INFO]: Using default channel type
[05:33:18] [Server thread/WARN]: **** SERVER IS RUNNING IN OFFLINE/INSECURE MODE!
[05:33:18] [Server thread/WARN]: The server will make no attempt to authenticate usernames. Beware.
[05:33:18] [Server thread/WARN]: While this makes the game possible to play without internet access, it also opens up the ability for hackers to connect with any username they choose.
[05:33:18] [Server thread/WARN]: To change this, set "online-mode" to "true" in the server.properties file.
[05:33:18] [Server thread/INFO]: [STDOUT]: Loading Orion Recipes
[05:33:19] [Server thread/INFO]: Preparing level "world"
[05:33:21] [Server thread/INFO]: Preparing start region for level 0
[05:33:22] [Server thread/INFO]: Preparing spawn area: 0%
[05:33:23] [Server thread/INFO]: Preparing spawn area: 32%
[05:33:24] [Server thread/INFO]: Done (5.355s)! For help, type "help" or "?"
[05:33:24] [Server thread/INFO]: Starting GS4 status listener
[05:33:24] [Query Listener #1/INFO]: Query running on 0.0.0.0:25565
[05:33:52] [Server thread/INFO]: [STDOUT]: Saving Orion Protected Configurations!
[05:33:52] [Server thread/INFO]: [STDOUT]: Done Saving Orion Protected Configurations!
[05:33:52] [Server thread/INFO]: [STDOUT]: Saving Orion Configurations!
[05:33:52] [Server thread/INFO]: [STDOUT]: Done Saving Orion Configurations!
[05:33:52] [Server thread/INFO]: Stopping server
[05:33:52] [Server thread/INFO]: Saving players
[05:33:52] [Server thread/INFO]: Saving worlds
[05:33:52] [Server thread/INFO]: Saving chunks for level 'world'/Overworld
[05:33:52] [Server thread/INFO]: Saving chunks for level 'world'/Nether
[05:33:52] [Server thread/INFO]: Saving chunks for level 'world'/The End
[05:33:52] [Server Shutdown Thread/INFO]: Stopping server
[05:33:52] [Server Shutdown Thread/INFO]: Saving players
[05:33:52] [Server Shutdown Thread/INFO]: Saving worlds
