[07:52:42] [Server thread/INFO]: Starting minecraft server version 1.11.2
[07:52:47] [Server thread/INFO]: [STDOUT]: [Ljava.lang.StackTraceElement;@6b9d8944
[07:52:47] [Server thread/INFO]: [STDOUT]: Loading Orion Configurations!
[07:52:47] [Server thread/INFO]: [STDOUT]: Loading Orion Protected Configurations!
[07:52:48] [Server thread/INFO]: [STDOUT]: Loading Orion Items!
[07:52:48] [Server thread/INFO]: Loading properties
[07:52:48] [Server thread/INFO]: Default game type: SURVIVAL
[07:52:48] [Server thread/INFO]: Generating keypair
[07:52:48] [Server thread/INFO]: Starting Minecraft server on *:25565
[07:52:48] [Server thread/INFO]: Using default channel type
[07:52:49] [Server thread/WARN]: **** SERVER IS RUNNING IN OFFLINE/INSECURE MODE!
[07:52:49] [Server thread/WARN]: The server will make no attempt to authenticate usernames. Beware.
[07:52:49] [Server thread/WARN]: While this makes the game possible to play without internet access, it also opens up the ability for hackers to connect with any username they choose.
[07:52:49] [Server thread/WARN]: To change this, set "online-mode" to "true" in the server.properties file.
[07:52:49] [Server thread/INFO]: [STDOUT]: Loading Orion Recipes
[07:52:49] [Server thread/INFO]: Preparing level "world"
[07:52:51] [Server thread/INFO]: Preparing start region for level 0
[07:52:52] [Server thread/INFO]: Preparing spawn area: 0%
[07:52:53] [Server thread/INFO]: Preparing spawn area: 63%
[07:52:53] [Server thread/INFO]: Done (3.972s)! For help, type "help" or "?"
[07:52:53] [Server thread/INFO]: Starting GS4 status listener
[07:52:53] [Query Listener #1/INFO]: Query running on 0.0.0.0:25565
